2024-09-17 15:34:05,010 INFO o.a.j.u.JMeterUtils: Setting Locale to en_US
2024-09-17 15:34:05,049 INFO o.a.j.JMeter: Loading user properties from: user.properties
2024-09-17 15:34:05,050 INFO o.a.j.JMeter: Loading system properties from: system.properties
2024-09-17 15:34:05,060 INFO o.a.j.JMeter: Copyright (c) 1998-2024 The Apache Software Foundation
2024-09-17 15:34:05,060 INFO o.a.j.JMeter: Version 5.6.3
2024-09-17 15:34:05,060 INFO o.a.j.JMeter: java.version=22.0.2
2024-09-17 15:34:05,060 INFO o.a.j.JMeter: java.vm.name=Java HotSpot(TM) 64-Bit Server VM
2024-09-17 15:34:05,060 INFO o.a.j.JMeter: os.name=Windows 11
2024-09-17 15:34:05,060 INFO o.a.j.JMeter: os.arch=amd64
2024-09-17 15:34:05,060 INFO o.a.j.JMeter: os.version=10.0
2024-09-17 15:34:05,060 INFO o.a.j.JMeter: file.encoding=UTF-8
2024-09-17 15:34:05,062 INFO o.a.j.JMeter: java.awt.headless=null
2024-09-17 15:34:05,062 INFO o.a.j.JMeter: Max memory     =1541406720
2024-09-17 15:34:05,062 INFO o.a.j.JMeter: Available Processors =8
2024-09-17 15:34:05,076 INFO o.a.j.JMeter: Default Locale=English (United States)
2024-09-17 15:34:05,077 INFO o.a.j.JMeter: JMeter  Locale=English (United States)
2024-09-17 15:34:05,077 INFO o.a.j.JMeter: JMeterHome=C:\Users\jcam_\Downloads\JMeter\apache-jmeter-5.6.3
2024-09-17 15:34:05,077 INFO o.a.j.JMeter: user.dir  =C:\Users\jcam_\Downloads\JMeter\apache-jmeter-5.6.3\bin
2024-09-17 15:34:05,078 INFO o.a.j.JMeter: PWD       =C:\Users\jcam_\Downloads\JMeter\apache-jmeter-5.6.3\bin
2024-09-17 15:34:05,177 INFO o.a.j.JMeter: IP: 192.168.0.205 Name: LAPTOP-PQGD10UV FullName: 192.168.0.205
2024-09-17 15:34:05,205 INFO o.a.j.JMeter: Loaded icon properties from org/apache/jmeter/images/icon.properties
2024-09-17 15:34:05,685 INFO o.a.j.JMeterGuiLauncher: Setting LAF to: com.github.weisj.darklaf.DarkLaf:com.github.weisj.darklaf.theme.DarculaTheme
2024-09-17 15:34:43,757 INFO o.a.j.s.FileServer: Default base='C:\Users\jcam_\Downloads\JMeter\apache-jmeter-5.6.3\bin'
2024-09-17 15:34:43,763 INFO o.a.j.g.a.Load: Loading file: C:\Users\jcam_\Downloads\JMeter\apache-jmeter-5.6.3\bin\Plan de Pruebas BlazeDemo.jmx
2024-09-17 15:34:43,763 INFO o.a.j.s.FileServer: Set new base='C:\Users\jcam_\Downloads\JMeter\apache-jmeter-5.6.3\bin'
2024-09-17 15:34:44,108 INFO o.a.j.s.SaveService: Testplan (JMX) version: 2.2. Testlog (JTL) version: 2.2
2024-09-17 15:34:44,165 INFO o.a.j.s.SaveService: Using SaveService properties version 5.0
2024-09-17 15:34:44,169 INFO o.a.j.s.SaveService: Using SaveService properties file encoding UTF-8
2024-09-17 15:34:44,171 INFO o.a.j.s.SaveService: Loading file: C:\Users\jcam_\Downloads\JMeter\apache-jmeter-5.6.3\bin\Plan de Pruebas BlazeDemo.jmx
2024-09-17 15:34:44,213 INFO o.a.j.p.h.s.HTTPSamplerBase: Parser for text/html is org.apache.jmeter.protocol.http.parser.LagartoBasedHtmlParser
2024-09-17 15:34:44,213 INFO o.a.j.p.h.s.HTTPSamplerBase: Parser for application/xhtml+xml is org.apache.jmeter.protocol.http.parser.LagartoBasedHtmlParser
2024-09-17 15:34:44,213 INFO o.a.j.p.h.s.HTTPSamplerBase: Parser for application/xml is org.apache.jmeter.protocol.http.parser.LagartoBasedHtmlParser
2024-09-17 15:34:44,213 INFO o.a.j.p.h.s.HTTPSamplerBase: Parser for text/xml is org.apache.jmeter.protocol.http.parser.LagartoBasedHtmlParser
2024-09-17 15:34:44,214 INFO o.a.j.p.h.s.HTTPSamplerBase: Parser for text/vnd.wap.wml is org.apache.jmeter.protocol.http.parser.RegexpHTMLParser
2024-09-17 15:34:44,214 INFO o.a.j.p.h.s.HTTPSamplerBase: Parser for text/css is org.apache.jmeter.protocol.http.parser.CssParser
2024-09-17 15:34:44,686 INFO o.a.j.e.KeyToolUtils: keytool found at 'keytool'
2024-09-17 15:34:44,687 INFO o.a.j.p.h.p.ProxyControl: HTTP(S) Test Script Recorder SSL Proxy will use keys that support embedded 3rd party resources in file C:\Users\jcam_\Downloads\JMeter\apache-jmeter-5.6.3\bin\proxyserver.jks
2024-09-17 15:34:45,172 INFO o.a.j.s.FileServer: Set new base='C:\Users\jcam_\Downloads\JMeter\apache-jmeter-5.6.3\bin'
2024-09-17 15:35:25,661 INFO o.a.j.g.a.Load: Loading file: C:\Users\jcam_\Downloads\JMeter\apache-jmeter-5.6.3\bin\Plan de Pruebas.jmx
2024-09-17 15:35:25,661 INFO o.a.j.s.FileServer: Set new base='C:\Users\jcam_\Downloads\JMeter\apache-jmeter-5.6.3\bin'
2024-09-17 15:35:25,661 INFO o.a.j.s.SaveService: Loading file: C:\Users\jcam_\Downloads\JMeter\apache-jmeter-5.6.3\bin\Plan de Pruebas.jmx
2024-09-17 15:35:25,662 WARN o.a.j.g.a.Load: Error reading file. java.io.FileNotFoundException: C:\Users\jcam_\Downloads\JMeter\apache-jmeter-5.6.3\bin\Plan de Pruebas.jmx (The system cannot find the file specified)
2024-09-17 15:35:25,662 ERROR o.a.j.u.JMeterUtils: C:\Users\jcam_\Downloads\JMeter\apache-jmeter-5.6.3\bin\Plan de Pruebas.jmx (The system cannot find the file specified)
2024-09-17 15:36:50,433 INFO o.a.j.s.FileServer: Set new base='C:\Users\jcam_\Downloads\JMeter\apache-jmeter-5.6.3\bin'
2024-09-17 15:37:14,988 INFO o.a.j.u.JMeterUtils: Setting Locale to es
2024-09-17 15:38:00,566 INFO o.a.j.s.SampleResult: Note: Sample TimeStamps are START times
2024-09-17 15:38:00,567 INFO o.a.j.s.SampleResult: sampleresult.default.encoding is set to UTF-8
2024-09-17 15:38:00,567 INFO o.a.j.s.SampleResult: sampleresult.useNanoTime=true
2024-09-17 15:38:00,569 INFO o.a.j.s.SampleResult: sampleresult.nanoThreadSleep=5000
2024-09-17 15:39:30,678 INFO o.a.j.e.StandardJMeterEngine: Running the test!
2024-09-17 15:39:30,687 INFO o.a.j.s.SampleEvent: List of sample_variables: []
2024-09-17 15:39:30,687 INFO o.a.j.s.SampleEvent: List of sample_variables: []
2024-09-17 15:39:30,692 INFO o.a.j.e.u.CompoundVariable: Note: Function class names must contain the string: '.functions.'
2024-09-17 15:39:30,692 INFO o.a.j.e.u.CompoundVariable: Note: Function class names must not contain the string: '.gui.'
2024-09-17 15:39:30,870 INFO o.a.j.g.u.JMeterMenuBar: setRunning(true, *local*)
2024-09-17 15:39:30,937 INFO o.a.j.e.StandardJMeterEngine: Starting ThreadGroup: 1 : Hilo demoQA
2024-09-17 15:39:30,938 INFO o.a.j.e.StandardJMeterEngine: Starting 1 threads for group Hilo demoQA.
2024-09-17 15:39:30,938 INFO o.a.j.e.StandardJMeterEngine: Thread will continue on error
2024-09-17 15:39:30,938 INFO o.a.j.t.ThreadGroup: Starting thread group... number=1 threads=1 ramp-up=1 delayedStart=false
2024-09-17 15:39:30,946 INFO o.a.j.t.ThreadGroup: Started thread group number 1
2024-09-17 15:39:30,947 INFO o.a.j.e.StandardJMeterEngine: All thread groups have been started
2024-09-17 15:39:30,949 INFO o.a.j.t.JMeterThread: Thread started: Hilo demoQA 1-1
2024-09-17 15:39:30,989 INFO o.a.j.p.h.s.HTTPHCAbstractImpl: Local host = LAPTOP-PQGD10UV
2024-09-17 15:39:31,008 INFO o.a.j.p.h.s.HTTPHC4Impl: HTTP request retry count = 0
2024-09-17 15:39:31,228 INFO o.a.j.p.h.s.h.LazyLayeredConnectionSocketFactory: Setting up HTTPS TrustAll Socket Factory
2024-09-17 15:39:31,235 INFO o.a.j.u.JsseSSLManager: Using default SSL protocol: TLS
2024-09-17 15:39:31,236 INFO o.a.j.u.JsseSSLManager: SSL session context: per-thread
2024-09-17 15:39:52,332 INFO o.a.j.t.JMeterThread: Thread is done: Hilo demoQA 1-1
2024-09-17 15:39:52,332 INFO o.a.j.t.JMeterThread: Thread finished: Hilo demoQA 1-1
2024-09-17 15:39:52,334 INFO o.a.j.e.StandardJMeterEngine: Notifying test listeners of end of test
2024-09-17 15:39:52,334 INFO o.a.j.g.u.JMeterMenuBar: setRunning(false, *local*)
2024-09-17 15:40:57,996 INFO o.a.j.e.StandardJMeterEngine: Running the test!
2024-09-17 15:40:58,005 INFO o.a.j.s.SampleEvent: List of sample_variables: []
2024-09-17 15:40:58,010 INFO o.a.j.g.u.JMeterMenuBar: setRunning(true, *local*)
2024-09-17 15:40:58,111 INFO o.a.j.e.StandardJMeterEngine: Starting ThreadGroup: 1 : Hilo demoQA
2024-09-17 15:40:58,113 INFO o.a.j.e.StandardJMeterEngine: Starting 1 threads for group Hilo demoQA.
2024-09-17 15:40:58,114 INFO o.a.j.e.StandardJMeterEngine: Thread will continue on error
2024-09-17 15:40:58,114 INFO o.a.j.t.ThreadGroup: Starting thread group... number=1 threads=1 ramp-up=1 delayedStart=false
2024-09-17 15:40:58,117 INFO o.a.j.t.ThreadGroup: Started thread group number 1
2024-09-17 15:40:58,117 INFO o.a.j.e.StandardJMeterEngine: All thread groups have been started
2024-09-17 15:40:58,117 INFO o.a.j.t.JMeterThread: Thread started: Hilo demoQA 1-1
2024-09-17 15:40:58,632 INFO o.a.j.u.SSLManager: JmeterKeyStore Location:  type JKS
2024-09-17 15:40:58,640 INFO o.a.j.u.SSLManager: KeyStore created OK
2024-09-17 15:40:58,641 WARN o.a.j.u.SSLManager: Keystore file not found, loading empty keystore
2024-09-17 15:40:59,849 INFO o.a.j.t.JMeterThread: Thread is done: Hilo demoQA 1-1
2024-09-17 15:40:59,849 INFO o.a.j.t.JMeterThread: Thread finished: Hilo demoQA 1-1
2024-09-17 15:40:59,852 INFO o.a.j.e.StandardJMeterEngine: Notifying test listeners of end of test
2024-09-17 15:40:59,852 INFO o.a.j.g.u.JMeterMenuBar: setRunning(false, *local*)
2024-09-17 15:58:21,889 INFO o.a.j.e.StandardJMeterEngine: Running the test!
2024-09-17 15:58:21,921 INFO o.a.j.s.SampleEvent: List of sample_variables: []
2024-09-17 15:58:21,931 INFO o.a.j.g.u.JMeterMenuBar: setRunning(true, *local*)
2024-09-17 15:58:22,632 INFO o.a.j.e.StandardJMeterEngine: Starting ThreadGroup: 1 : Hilo demoQA
2024-09-17 15:58:22,633 INFO o.a.j.e.StandardJMeterEngine: Starting 5 threads for group Hilo demoQA.
2024-09-17 15:58:22,633 INFO o.a.j.e.StandardJMeterEngine: Thread will continue on error
2024-09-17 15:58:22,634 INFO o.a.j.t.ThreadGroup: Starting thread group... number=1 threads=5 ramp-up=10 delayedStart=false
2024-09-17 15:58:22,636 INFO o.a.j.t.JMeterThread: Thread started: Hilo demoQA 1-1
2024-09-17 15:58:22,640 INFO o.a.j.t.ThreadGroup: Started thread group number 1
2024-09-17 15:58:22,641 INFO o.a.j.e.StandardJMeterEngine: All thread groups have been started
2024-09-17 15:58:24,640 INFO o.a.j.t.JMeterThread: Thread started: Hilo demoQA 1-2
2024-09-17 15:58:24,660 INFO o.a.j.t.JMeterThread: Thread is done: Hilo demoQA 1-1
2024-09-17 15:58:24,660 INFO o.a.j.t.JMeterThread: Thread finished: Hilo demoQA 1-1
2024-09-17 15:58:26,641 INFO o.a.j.t.JMeterThread: Thread started: Hilo demoQA 1-3
2024-09-17 15:58:26,653 INFO o.a.j.t.JMeterThread: Thread is done: Hilo demoQA 1-2
2024-09-17 15:58:26,653 INFO o.a.j.t.JMeterThread: Thread finished: Hilo demoQA 1-2
2024-09-17 15:58:28,571 INFO o.a.j.t.JMeterThread: Thread is done: Hilo demoQA 1-3
2024-09-17 15:58:28,572 INFO o.a.j.t.JMeterThread: Thread finished: Hilo demoQA 1-3
2024-09-17 15:58:28,640 INFO o.a.j.t.JMeterThread: Thread started: Hilo demoQA 1-4
2024-09-17 15:58:30,121 INFO o.a.j.t.JMeterThread: Thread is done: Hilo demoQA 1-4
2024-09-17 15:58:30,121 INFO o.a.j.t.JMeterThread: Thread finished: Hilo demoQA 1-4
2024-09-17 15:58:30,642 INFO o.a.j.t.JMeterThread: Thread started: Hilo demoQA 1-5
2024-09-17 15:58:32,191 INFO o.a.j.t.JMeterThread: Thread is done: Hilo demoQA 1-5
2024-09-17 15:58:32,191 INFO o.a.j.t.JMeterThread: Thread finished: Hilo demoQA 1-5
2024-09-17 15:58:32,193 INFO o.a.j.e.StandardJMeterEngine: Notifying test listeners of end of test
2024-09-17 15:58:32,194 INFO o.a.j.g.u.JMeterMenuBar: setRunning(false, *local*)
2024-09-17 16:04:55,168 INFO o.a.j.p.h.c.CookieManager: Settings: Delete null: true Check: true Allow variable: true Save: false Prefix: COOKIE_
2024-09-17 16:05:31,895 INFO o.a.j.p.h.c.CacheManager: Will only cache the following methods: [GET]
